#
# There is insufficient memory for the Java Runtime Environment to continue.
# Native memory allocation (mmap) failed to map 65536 bytes for Failed to commit metaspace.
# Possible reasons:
#   The system is out of physical RAM or swap space
#   The process is running with CompressedOops enabled, and the Java Heap may be blocking the growth of the native heap
# Possible solutions:
#   Reduce memory load on the system
#   Increase physical memory or swap space
#   Check if swap backing store is full
#   Decrease Java heap size (-Xmx/-Xms)
#   Decrease number of Java threads
#   Decrease Java thread stack sizes (-Xss)
#   Set larger code cache with -XX:ReservedCodeCacheSize=
#   JVM is running with Unscaled Compressed Oops mode in which the Java heap is
#     placed in the first 4GB address space. The Java Heap base address is the
#     maximum limit for the native heap growth. Please use -XX:HeapBaseMinAddress
#     to set the Java Heap base and to place the Java Heap above 4GB virtual address.
# This output file may be truncated or incomplete.
#
#  Out of Memory Error (virtualSpaceNode.cpp:108), pid=8172, tid=9224
#
# JRE version: Java(TM) SE Runtime Environment (16.0.1+9) (build 16.0.1+9-24)
# Java VM: Java HotSpot(TM) 64-Bit Server VM (16.0.1+9-24, mixed mode, tiered, compressed oops, compressed class ptrs, g1 gc, windows-amd64)
# No core dump will be written. Minidumps are not enabled by default on client versions of Windows
#

---------------  S U M M A R Y ------------

Command Line: -Dfile.encoding=Cp1252 -XX:+ShowCodeDetailsInExceptionMessages JogodaForcaConsole

Host: Intel(R) Core(TM) i3-7020U CPU @ 2.30GHz, 4 cores, 3G,  Windows 10 , 64 bit Build 19041 (10.0.19041.1151)
Time: Thu Aug 19 21:44:39 2021 Hora oficial do Brasil elapsed time: 0.248373 seconds (0d 0h 0m 0s)

---------------  T H R E A D  ---------------

Current thread (0x000001fece6998a0):  JavaThread "main" [_thread_in_vm, id=9224, stack(0x0000008f47000000,0x0000008f47100000)]

Stack: [0x0000008f47000000,0x0000008f47100000]
Native frames: (J=compiled Java code, j=interpreted, Vv=VM code, C=native code)
V  [jvm.dll+0x6687ca]
V  [jvm.dll+0x7ca3c9]
V  [jvm.dll+0x7cbb53]
V  [jvm.dll+0x7cc1b3]
V  [jvm.dll+0x242ea5]
V  [jvm.dll+0x7c6a4b]
V  [jvm.dll+0x60e436]
V  [jvm.dll+0x1be93e]
V  [jvm.dll+0x610b91]
V  [jvm.dll+0x60ed31]
V  [jvm.dll+0x2372ef]
V  [jvm.dll+0x6193b5]
V  [jvm.dll+0x1e9a52]
V  [jvm.dll+0x1e9f85]
V  [jvm.dll+0x1eab0f]
V  [jvm.dll+0x1df8a1]
V  [jvm.dll+0x536728]
V  [jvm.dll+0x1f0fa2]
V  [jvm.dll+0x741e03]
V  [jvm.dll+0x7436a8]
V  [jvm.dll+0x7439d3]
V  [jvm.dll+0x23ad74]
V  [jvm.dll+0x375b71]
C  0x000001fed5e3c224

Java frames: (J=compiled Java code, j=interpreted, Vv=VM code)
j  jdk.internal.org.objectweb.asm.ClassWriter.<init>(Ljdk/internal/org/objectweb/asm/ClassReader;I)V+11 java.base@16.0.1
j  jdk.internal.org.objectweb.asm.ClassWriter.<init>(I)V+3 java.base@16.0.1
j  java.lang.invoke.InnerClassLambdaMetafactory.<init>(Ljava/lang/invoke/MethodHandles$Lookup;Ljava/lang/invoke/MethodType;Ljava/lang/String;Ljava/lang/invoke/MethodType;Ljava/lang/invoke/MethodHandle;Ljava/lang/invoke/MethodType;Z[Ljava/lang/Class;[Ljava/lang/invoke/MethodType;)V+137 java.base@16.0.1
j  java.lang.invoke.LambdaMetafactory.metafactory(Ljava/lang/invoke/MethodHandles$Lookup;Ljava/lang/String;Ljava/lang/invoke/MethodType;Ljava/lang/invoke/MethodType;Ljava/lang/invoke/MethodHandle;Ljava/lang/invoke/MethodType;)Ljava/lang/invoke/CallSite;+19 java.base@16.0.1
j  java.lang.invoke.DirectMethodHandle$Holder.invokeStatic(Ljava/lang/Object;Ljava/lang/Object;Ljava/lang/Object;Ljava/lang/Object;Ljava/lang/Object;Ljava/lang/Object;Ljava/lang/Object;)Ljava/lang/Object;+20 java.base@16.0.1
j  java.lang.invoke.Invokers$Holder.invokeExact_MT(Ljava/lang/Object;Ljava/lang/Object;Ljava/lang/Object;Ljava/lang/Object;Ljava/lang/Object;Ljava/lang/Object;Ljava/lang/Object;Ljava/lang/Object;)Ljava/lang/Object;+28 java.base@16.0.1
j  java.lang.invoke.BootstrapMethodInvoker.invoke(Ljava/lang/Class;Ljava/lang/invoke/MethodHandle;Ljava/lang/String;Ljava/lang/Object;Ljava/lang/Object;Ljava/lang/Class;)Ljava/lang/Object;+262 java.base@16.0.1
j  java.lang.invoke.CallSite.makeSite(Ljava/lang/invoke/MethodHandle;Ljava/lang/String;Ljava/lang/invoke/MethodType;Ljava/lang/Object;Ljava/lang/Class;)Ljava/lang/invoke/CallSite;+8 java.base@16.0.1
j  java.lang.invoke.MethodHandleNatives.linkCallSiteImpl(Ljava/lang/Class;Ljava/lang/invoke/MethodHandle;Ljava/lang/String;Ljava/lang/invoke/MethodType;Ljava/lang/Object;[Ljava/lang/Object;)Ljava/lang/invoke/MemberName;+6 java.base@16.0.1
j  java.lang.invoke.MethodHandleNatives.linkCallSite(Ljava/lang/Object;ILjava/lang/Object;Ljava/lang/Object;Ljava/lang/Object;Ljava/lang/Object;[Ljava/lang/Object;)Ljava/lang/invoke/MemberName;+46 java.base@16.0.1
v  ~StubRoutines::call_stub
j  java.util.regex.CharPredicates.forProperty(Ljava/lang/String;Z)Ljava/util/regex/Pattern$CharPredicate;+2555 java.base@16.0.1
j  java.util.regex.Pattern.family(ZZ)Ljava/util/regex/Pattern$CharPredicate;+605 java.base@16.0.1
j  java.util.regex.Pattern.sequence(Ljava/util/regex/Pattern$Node;)Ljava/util/regex/Pattern$Node;+329 java.base@16.0.1
j  java.util.regex.Pattern.expr(Ljava/util/regex/Pattern$Node;)Ljava/util/regex/Pattern$Node;+12 java.base@16.0.1
j  java.util.regex.Pattern.compile()V+222 java.base@16.0.1
j  java.util.regex.Pattern.<init>(Ljava/lang/String;I)V+108 java.base@16.0.1
j  java.util.regex.Pattern.compile(Ljava/lang/String;)Ljava/util/regex/Pattern;+6 java.base@16.0.1
j  java.util.Scanner.<clinit>()V+19 java.base@16.0.1
v  ~StubRoutines::call_stub
j  JogodaForcaConsole.main([Ljava/lang/String;)V+0
v  ~StubRoutines::call_stub

---------------  P R O C E S S  ---------------

Threads class SMR info:
_java_thread_list=0x000001fe80cf1a60, length=12, elements={
0x000001fece6998a0, 0x000001fe80163250, 0x000001fe801667d0, 0x000001fe80198ae0,
0x000001fe8019c510, 0x000001fe8019f380, 0x000001fe801a5550, 0x000001fe801a6a00,
0x000001fe801a77b0, 0x000001fe801ba4a0, 0x000001fe80d194b0, 0x000001fe80d3d310
}

Java Threads: ( => current thread )
=>0x000001fece6998a0 JavaThread "main" [_thread_in_vm, id=9224, stack(0x0000008f47000000,0x0000008f47100000)]
  0x000001fe80163250 JavaThread "Reference Handler" daemon [_thread_blocked, id=10304, stack(0x0000008f47700000,0x0000008f47800000)]
  0x000001fe801667d0 JavaThread "Finalizer" daemon [_thread_blocked, id=12212, stack(0x0000008f47800000,0x0000008f47900000)]
  0x000001fe80198ae0 JavaThread "Signal Dispatcher" daemon [_thread_blocked, id=7084, stack(0x0000008f47900000,0x0000008f47a00000)]
  0x000001fe8019c510 JavaThread "Attach Listener" daemon [_thread_blocked, id=12456, stack(0x0000008f47a00000,0x0000008f47b00000)]
  0x000001fe8019f380 JavaThread "Service Thread" daemon [_thread_blocked, id=16268, stack(0x0000008f47b00000,0x0000008f47c00000)]
  0x000001fe801a5550 JavaThread "Monitor Deflation Thread" daemon [_thread_blocked, id=18728, stack(0x0000008f47c00000,0x0000008f47d00000)]
  0x000001fe801a6a00 JavaThread "C2 CompilerThread0" daemon [_thread_blocked, id=4840, stack(0x0000008f47d00000,0x0000008f47e00000)]
  0x000001fe801a77b0 JavaThread "C1 CompilerThread0" daemon [_thread_blocked, id=3972, stack(0x0000008f47e00000,0x0000008f47f00000)]
  0x000001fe801ba4a0 JavaThread "Sweeper thread" daemon [_thread_blocked, id=7488, stack(0x0000008f47f00000,0x0000008f48000000)]
  0x000001fe80d194b0 JavaThread "Notification Thread" daemon [_thread_blocked, id=6072, stack(0x0000008f48000000,0x0000008f48100000)]
  0x000001fe80d3d310 JavaThread "Common-Cleaner" daemon [_thread_blocked, id=9064, stack(0x0000008f48200000,0x0000008f48300000)]

Other Threads:
  0x000001fe8014e920 VMThread "VM Thread" [stack: 0x0000008f47600000,0x0000008f47700000] [id=12612]
  0x000001fe80d3b010 WatcherThread [stack: 0x0000008f48100000,0x0000008f48200000] [id=12656]
  0x000001fece6c9680 GCTaskThread "GC Thread#0" [stack: 0x0000008f47100000,0x0000008f47200000] [id=14100]
  0x000001fece6d2b70 ConcurrentGCThread "G1 Main Marker" [stack: 0x0000008f47200000,0x0000008f47300000] [id=13508]
  0x000001fece6d4580 ConcurrentGCThread "G1 Conc#0" [stack: 0x0000008f47300000,0x0000008f47400000] [id=14612]
  0x000001fece723c10 ConcurrentGCThread "G1 Refine#0" [stack: 0x0000008f47400000,0x0000008f47500000] [id=2940]
  0x000001fece724620 ConcurrentGCThread "G1 Service" [stack: 0x0000008f47500000,0x0000008f47600000] [id=8996]

Threads with active compile tasks:

VM state: not at safepoint (normal execution)

VM Mutex/Monitor currently owned by a thread:  ([mutex/lock_event])
[0x000001fece694820] MetaspaceExpand_lock - owner thread: 0x000001fece6998a0

Heap address: 0x00000000c1800000, size: 1000 MB, Compressed Oops mode: 32-bit

CDS disabled.
Compressed class space mapped at: 0x0000000100000000-0x0000000140000000, reserved size: 1073741824
Narrow klass base: 0x0000000000000000, Narrow klass shift: 3, Narrow klass range: 0x140000000

GC Precious Log:
 CPUs: 4 total, 4 available
 Memory: 3993M
 Large Page Support: Disabled
 NUMA Support: Disabled
 Compressed Oops: Enabled (32-bit)
 Heap Region Size: 1M
 Heap Min Capacity: 8M
 Heap Initial Capacity: 64M
 Heap Max Capacity: 1000M
 Pre-touch: Disabled
 Parallel Workers: 4
 Concurrent Workers: 1
 Concurrent Refinement Workers: 4
 Periodic GC: Disabled

Heap:
 garbage-first heap   total 65536K, used 1024K [0x00000000c1800000, 0x0000000100000000)
  region size 1024K, 2 young (2048K), 0 survivors (0K)
 Metaspace       used 4442K, committed 4608K, reserved 1056768K
  class space    used 343K, committed 448K, reserved 1048576K

Heap Regions: E=young(eden), S=young(survivor), O=old, HS=humongous(starts), HC=humongous(continues), CS=collection set, F=free, OA=open archive, CA=closed archive, TAMS=top-at-mark-start (previous, next)
|   0|0x00000000c1800000, 0x00000000c1800000, 0x00000000c1900000|  0%| F|  |TAMS 0x00000000c1800000, 0x00000000c1800000| Untracked 
|   1|0x00000000c1900000, 0x00000000c1900000, 0x00000000c1a00000|  0%| F|  |TAMS 0x00000000c1900000, 0x00000000c1900000| Untracked 
|   2|0x00000000c1a00000, 0x00000000c1a00000, 0x00000000c1b00000|  0%| F|  |TAMS 0x00000000c1a00000, 0x00000000c1a00000| Untracked 
|   3|0x00000000c1b00000, 0x00000000c1b00000, 0x00000000c1c00000|  0%| F|  |TAMS 0x00000000c1b00000, 0x00000000c1b00000| Untracked 
|   4|0x00000000c1c00000, 0x00000000c1c00000, 0x00000000c1d00000|  0%| F|  |TAMS 0x00000000c1c00000, 0x00000000c1c00000| Untracked 
|   5|0x00000000c1d00000, 0x00000000c1d00000, 0x00000000c1e00000|  0%| F|  |TAMS 0x00000000c1d00000, 0x00000000c1d00000| Untracked 
|   6|0x00000000c1e00000, 0x00000000c1e00000, 0x00000000c1f00000|  0%| F|  |TAMS 0x00000000c1e00000, 0x00000000c1e00000| Untracked 
|   7|0x00000000c1f00000, 0x00000000c1f00000, 0x00000000c2000000|  0%| F|  |TAMS 0x00000000c1f00000, 0x00000000c1f00000| Untracked 
|   8|0x00000000c2000000, 0x00000000c2000000, 0x00000000c2100000|  0%| F|  |TAMS 0x00000000c2000000, 0x00000000c2000000| Untracked 
|   9|0x00000000c2100000, 0x00000000c2100000, 0x00000000c2200000|  0%| F|  |TAMS 0x00000000c2100000, 0x00000000c2100000| Untracked 
|  10|0x00000000c2200000, 0x00000000c2200000, 0x00000000c2300000|  0%| F|  |TAMS 0x00000000c2200000, 0x00000000c2200000| Untracked 
|  11|0x00000000c2300000, 0x00000000c2300000, 0x00000000c2400000|  0%| F|  |TAMS 0x00000000c2300000, 0x00000000c2300000| Untracked 
|  12|0x00000000c2400000, 0x00000000c2400000, 0x00000000c2500000|  0%| F|  |TAMS 0x00000000c2400000, 0x00000000c2400000| Untracked 
|  13|0x00000000c2500000, 0x00000000c2500000, 0x00000000c2600000|  0%| F|  |TAMS 0x00000000c2500000, 0x00000000c2500000| Untracked 
|  14|0x00000000c2600000, 0x00000000c2600000, 0x00000000c2700000|  0%| F|  |TAMS 0x00000000c2600000, 0x00000000c2600000| Untracked 
|  15|0x00000000c2700000, 0x00000000c2700000, 0x00000000c2800000|  0%| F|  |TAMS 0x00000000c2700000, 0x00000000c2700000| Untracked 
|  16|0x00000000c2800000, 0x00000000c2800000, 0x00000000c2900000|  0%| F|  |TAMS 0x00000000c2800000, 0x00000000c2800000| Untracked 
|  17|0x00000000c2900000, 0x00000000c2900000, 0x00000000c2a00000|  0%| F|  |TAMS 0x00000000c2900000, 0x00000000c2900000| Untracked 
|  18|0x00000000c2a00000, 0x00000000c2a00000, 0x00000000c2b00000|  0%| F|  |TAMS 0x00000000c2a00000, 0x00000000c2a00000| Untracked 
|  19|0x00000000c2b00000, 0x00000000c2b00000, 0x00000000c2c00000|  0%| F|  |TAMS 0x00000000c2b00000, 0x00000000c2b00000| Untracked 
|  20|0x00000000c2c00000, 0x00000000c2c00000, 0x00000000c2d00000|  0%| F|  |TAMS 0x00000000c2c00000, 0x00000000c2c00000| Untracked 
|  21|0x00000000c2d00000, 0x00000000c2d00000, 0x00000000c2e00000|  0%| F|  |TAMS 0x00000000c2d00000, 0x00000000c2d00000| Untracked 
|  22|0x00000000c2e00000, 0x00000000c2e00000, 0x00000000c2f00000|  0%| F|  |TAMS 0x00000000c2e00000, 0x00000000c2e00000| Untracked 
|  23|0x00000000c2f00000, 0x00000000c2f00000, 0x00000000c3000000|  0%| F|  |TAMS 0x00000000c2f00000, 0x00000000c2f00000| Untracked 
|  24|0x00000000c3000000, 0x00000000c3000000, 0x00000000c3100000|  0%| F|  |TAMS 0x00000000c3000000, 0x00000000c3000000| Untracked 
|  25|0x00000000c3100000, 0x00000000c3100000, 0x00000000c3200000|  0%| F|  |TAMS 0x00000000c3100000, 0x00000000c3100000| Untracked 
|  26|0x00000000c3200000, 0x00000000c3200000, 0x00000000c3300000|  0%| F|  |TAMS 0x00000000c3200000, 0x00000000c3200000| Untracked 
|  27|0x00000000c3300000, 0x00000000c3300000, 0x00000000c3400000|  0%| F|  |TAMS 0x00000000c3300000, 0x00000000c3300000| Untracked 
|  28|0x00000000c3400000, 0x00000000c3400000, 0x00000000c3500000|  0%| F|  |TAMS 0x00000000c3400000, 0x00000000c3400000| Untracked 
|  29|0x00000000c3500000, 0x00000000c3500000, 0x00000000c3600000|  0%| F|  |TAMS 0x00000000c3500000, 0x00000000c3500000| Untracked 
|  30|0x00000000c3600000, 0x00000000c3600000, 0x00000000c3700000|  0%| F|  |TAMS 0x00000000c3600000, 0x00000000c3600000| Untracked 
|  31|0x00000000c3700000, 0x00000000c3700000, 0x00000000c3800000|  0%| F|  |TAMS 0x00000000c3700000, 0x00000000c3700000| Untracked 
|  32|0x00000000c3800000, 0x00000000c3800000, 0x00000000c3900000|  0%| F|  |TAMS 0x00000000c3800000, 0x00000000c3800000| Untracked 
|  33|0x00000000c3900000, 0x00000000c3900000, 0x00000000c3a00000|  0%| F|  |TAMS 0x00000000c3900000, 0x00000000c3900000| Untracked 
|  34|0x00000000c3a00000, 0x00000000c3a00000, 0x00000000c3b00000|  0%| F|  |TAMS 0x00000000c3a00000, 0x00000000c3a00000| Untracked 
|  35|0x00000000c3b00000, 0x00000000c3b00000, 0x00000000c3c00000|  0%| F|  |TAMS 0x00000000c3b00000, 0x00000000c3b00000| Untracked 
|  36|0x00000000c3c00000, 0x00000000c3c00000, 0x00000000c3d00000|  0%| F|  |TAMS 0x00000000c3c00000, 0x00000000c3c00000| Untracked 
|  37|0x00000000c3d00000, 0x00000000c3d00000, 0x00000000c3e00000|  0%| F|  |TAMS 0x00000000c3d00000, 0x00000000c3d00000| Untracked 
|  38|0x00000000c3e00000, 0x00000000c3e00000, 0x00000000c3f00000|  0%| F|  |TAMS 0x00000000c3e00000, 0x00000000c3e00000| Untracked 
|  39|0x00000000c3f00000, 0x00000000c3f00000, 0x00000000c4000000|  0%| F|  |TAMS 0x00000000c3f00000, 0x00000000c3f00000| Untracked 
|  40|0x00000000c4000000, 0x00000000c4000000, 0x00000000c4100000|  0%| F|  |TAMS 0x00000000c4000000, 0x00000000c4000000| Untracked 
|  41|0x00000000c4100000, 0x00000000c4100000, 0x00000000c4200000|  0%| F|  |TAMS 0x00000000c4100000, 0x00000000c4100000| Untracked 
|  42|0x00000000c4200000, 0x00000000c4200000, 0x00000000c4300000|  0%| F|  |TAMS 0x00000000c4200000, 0x00000000c4200000| Untracked 
|  43|0x00000000c4300000, 0x00000000c4300000, 0x00000000c4400000|  0%| F|  |TAMS 0x00000000c4300000, 0x00000000c4300000| Untracked 
|  44|0x00000000c4400000, 0x00000000c4400000, 0x00000000c4500000|  0%| F|  |TAMS 0x00000000c4400000, 0x00000000c4400000| Untracked 
|  45|0x00000000c4500000, 0x00000000c4500000, 0x00000000c4600000|  0%| F|  |TAMS 0x00000000c4500000, 0x00000000c4500000| Untracked 
|  46|0x00000000c4600000, 0x00000000c4600000, 0x00000000c4700000|  0%| F|  |TAMS 0x00000000c4600000, 0x00000000c4600000| Untracked 
|  47|0x00000000c4700000, 0x00000000c4700000, 0x00000000c4800000|  0%| F|  |TAMS 0x00000000c4700000, 0x00000000c4700000| Untracked 
|  48|0x00000000c4800000, 0x00000000c4800000, 0x00000000c4900000|  0%| F|  |TAMS 0x00000000c4800000, 0x00000000c4800000| Untracked 
|  49|0x00000000c4900000, 0x00000000c4900000, 0x00000000c4a00000|  0%| F|  |TAMS 0x00000000c4900000, 0x00000000c4900000| Untracked 
|  50|0x00000000c4a00000, 0x00000000c4a00000, 0x00000000c4b00000|  0%| F|  |TAMS 0x00000000c4a00000, 0x00000000c4a00000| Untracked 
|  51|0x00000000c4b00000, 0x00000000c4b00000, 0x00000000c4c00000|  0%| F|  |TAMS 0x00000000c4b00000, 0x00000000c4b00000| Untracked 
|  52|0x00000000c4c00000, 0x00000000c4c00000, 0x00000000c4d00000|  0%| F|  |TAMS 0x00000000c4c00000, 0x00000000c4c00000| Untracked 
|  53|0x00000000c4d00000, 0x00000000c4d00000, 0x00000000c4e00000|  0%| F|  |TAMS 0x00000000c4d00000, 0x00000000c4d00000| Untracked 
|  54|0x00000000c4e00000, 0x00000000c4e00000, 0x00000000c4f00000|  0%| F|  |TAMS 0x00000000c4e00000, 0x00000000c4e00000| Untracked 
|  55|0x00000000c4f00000, 0x00000000c4f00000, 0x00000000c5000000|  0%| F|  |TAMS 0x00000000c4f00000, 0x00000000c4f00000| Untracked 
|  56|0x00000000c5000000, 0x00000000c5000000, 0x00000000c5100000|  0%| F|  |TAMS 0x00000000c5000000, 0x00000000c5000000| Untracked 
|  57|0x00000000c5100000, 0x00000000c5100000, 0x00000000c5200000|  0%| F|  |TAMS 0x00000000c5100000, 0x00000000c5100000| Untracked 
|  58|0x00000000c5200000, 0x00000000c5200000, 0x00000000c5300000|  0%| F|  |TAMS 0x00000000c5200000, 0x00000000c5200000| Untracked 
|  59|0x00000000c5300000, 0x00000000c5300000, 0x00000000c5400000|  0%| F|  |TAMS 0x00000000c5300000, 0x00000000c5300000| Untracked 
|  60|0x00000000c5400000, 0x00000000c5400000, 0x00000000c5500000|  0%| F|  |TAMS 0x00000000c5400000, 0x00000000c5400000| Untracked 
|  61|0x00000000c5500000, 0x00000000c5500000, 0x00000000c5600000|  0%| F|  |TAMS 0x00000000c5500000, 0x00000000c5500000| Untracked 
|  62|0x00000000c5600000, 0x00000000c5643200, 0x00000000c5700000| 26%| E|  |TAMS 0x00000000c5600000, 0x00000000c5600000| Complete 
|  63|0x00000000c5700000, 0x00000000c5800000, 0x00000000c5800000|100%| E|CS|TAMS 0x00000000c5700000, 0x00000000c5700000| Complete 

Card table byte_map: [0x000001fee5020000,0x000001fee5220000] _byte_map_base: 0x000001fee4a14000

Marking Bits (Prev, Next): (CMBitMap*) 0x000001fece6c9c80, (CMBitMap*) 0x000001fece6c9cc0
 Prev Bits: [0x000001fee5420000, 0x000001fee63c0000)
 Next Bits: [0x000001fee63c0000, 0x000001fee7360000)

Polling page: 0x000001fecde80000

Metaspace:

Usage:
  Non-class:      4.00 MB used.
      Class:    343.84 KB used.
       Both:      4.34 MB used.

Virtual space:
  Non-class space:        8.00 MB reserved,       4.06 MB ( 51%) committed,  1 nodes.
      Class space:        1.00 GB reserved,     448.00 KB ( <1%) committed,  1 nodes.
              Both:        1.01 GB reserved,       4.50 MB ( <1%) committed. 

Chunk freelists:
   Non-Class:  3.00 MB
       Class:  3.62 MB
        Both:  6.62 MB

MaxMetaspaceSize: 17179869184.00 GB
CompressedClassSpaceSize: 1.00 GB
 - commit_granule_bytes: 65536.
 - commit_granule_words: 8192.
 - virtual_space_node_default_size: 1048576.
 - enlarge_chunks_in_place: 1.
 - new_chunks_are_fully_committed: 0.
 - uncommit_free_chunks: 1.
 - use_allocation_guard: 0.
 - handle_deallocations: 1.


Internal statistics:

num_allocs_failed_limit: 0.
num_arena_births: 4.
num_arena_deaths: 0.
num_vsnodes_births: 2.
num_vsnodes_deaths: 0.
num_space_committed: 72.
num_space_uncommitted: 0.
num_chunks_returned_to_freelist: 0.
num_chunks_taken_from_freelist: 6.
num_chunk_merges: 0.
num_chunk_splits: 2.
num_chunks_enlarged: 0.
num_purges: 0.

CodeHeap 'non-profiled nmethods': size=120000Kb used=17Kb max_used=17Kb free=119982Kb
 bounds [0x000001fedd8f0000, 0x000001feddb60000, 0x000001fee4e20000]
CodeHeap 'profiled nmethods': size=120000Kb used=82Kb max_used=82Kb free=119918Kb
 bounds [0x000001fed63c0000, 0x000001fed6630000, 0x000001fedd8f0000]
CodeHeap 'non-nmethods': size=5760Kb used=1054Kb max_used=1054Kb free=4705Kb
 bounds [0x000001fed5e20000, 0x000001fed6090000, 0x000001fed63c0000]
 total_blobs=379 nmethods=70 adapters=222
 compilation: enabled
              stopped_count=0, restarted_count=0
 full_count=0

Compilation events (20 events):
Event: 0.195 Thread 0x000001fe801a77b0   57       1       java.lang.module.ResolvedModule::configuration (5 bytes)
Event: 0.195 Thread 0x000001fe801a77b0 nmethod 57 0x000001fedd8f2d10 code [0x000001fedd8f2ea0, 0x000001fedd8f2f78]
Event: 0.195 Thread 0x000001fe801a77b0   58       1       java.lang.module.ModuleDescriptor$Exports::targets (5 bytes)
Event: 0.195 Thread 0x000001fe801a77b0 nmethod 58 0x000001fedd8f3010 code [0x000001fedd8f31a0, 0x000001fedd8f3278]
Event: 0.196 Thread 0x000001fe801a77b0   59       1       java.util.ImmutableCollections$Set12::isEmpty (2 bytes)
Event: 0.196 Thread 0x000001fe801a77b0 nmethod 59 0x000001fedd8f3310 code [0x000001fedd8f34a0, 0x000001fedd8f3578]
Event: 0.196 Thread 0x000001fe801a77b0   60       3       java.util.ImmutableCollections$Set12::iterator (9 bytes)
Event: 0.196 Thread 0x000001fe801a77b0 nmethod 60 0x000001fed63d2d90 code [0x000001fed63d2f40, 0x000001fed63d3218]
Event: 0.196 Thread 0x000001fe801a77b0   61       3       java.util.ImmutableCollections$Set12$1::<init> (32 bytes)
Event: 0.196 Thread 0x000001fe801a77b0 nmethod 61 0x000001fed63d3310 code [0x000001fed63d34c0, 0x000001fed63d36f8]
Event: 0.210 Thread 0x000001fe801a77b0   62       3       java.lang.AbstractStringBuilder::ensureCapacityInternal (39 bytes)
Event: 0.210 Thread 0x000001fe801a77b0 nmethod 62 0x000001fed63d3810 code [0x000001fed63d39c0, 0x000001fed63d3bf8]
Event: 0.220 Thread 0x000001fe801a77b0   63       3       java.lang.String::isEmpty (14 bytes)
Event: 0.220 Thread 0x000001fe801a77b0 nmethod 63 0x000001fed63d3d10 code [0x000001fed63d3ea0, 0x000001fed63d4018]
Event: 0.223 Thread 0x000001fe801a77b0   64       3       java.lang.StringLatin1::canEncode (13 bytes)
Event: 0.223 Thread 0x000001fe801a77b0 nmethod 64 0x000001fed63d4110 code [0x000001fed63d42a0, 0x000001fed63d43f8]
Event: 0.244 Thread 0x000001fe801a77b0   69       3       java.lang.Math::min (11 bytes)
Event: 0.244 Thread 0x000001fe801a77b0 nmethod 69 0x000001fed63d4490 code [0x000001fed63d4620, 0x000001fed63d4758]
Event: 0.244 Thread 0x000001fe801a77b0   70       1       java.lang.Class::getClassLoader0 (5 bytes)
Event: 0.244 Thread 0x000001fe801a77b0 nmethod 70 0x000001fedd8f4210 code [0x000001fedd8f43a0, 0x000001fedd8f4478]

GC Heap History (0 events):
No events

Deoptimization events (0 events):
No events

Classes unloaded (0 events):
No events

Classes redefined (0 events):
No events

Internal exceptions (0 events):
No events

Events (20 events):
Event: 0.242 loading class java/lang/invoke/InnerClassLambdaMetafactory done
Event: 0.242 loading class jdk/internal/org/objectweb/asm/Type
Event: 0.242 loading class jdk/internal/org/objectweb/asm/Type done
Event: 0.242 loading class sun/security/action/GetBooleanAction
Event: 0.243 loading class sun/security/action/GetBooleanAction done
Event: 0.243 loading class jdk/internal/org/objectweb/asm/Handle
Event: 0.243 loading class jdk/internal/org/objectweb/asm/Handle done
Event: 0.243 loading class sun/invoke/util/BytecodeDescriptor
Event: 0.243 loading class sun/invoke/util/BytecodeDescriptor done
Event: 0.244 loading class jdk/internal/org/objectweb/asm/ConstantDynamic
Event: 0.244 loading class jdk/internal/org/objectweb/asm/ConstantDynamic done
Event: 0.244 loading class java/lang/invoke/InfoFromMemberName
Event: 0.244 loading class java/lang/invoke/MethodHandleInfo
Event: 0.244 loading class java/lang/invoke/MethodHandleInfo done
Event: 0.245 loading class java/lang/invoke/InfoFromMemberName done
Event: 0.245 loading class jdk/internal/org/objectweb/asm/ClassWriter
Event: 0.245 loading class jdk/internal/org/objectweb/asm/ClassVisitor
Event: 0.245 loading class jdk/internal/org/objectweb/asm/ClassVisitor done
Event: 0.245 loading class jdk/internal/org/objectweb/asm/ClassWriter done
Event: 0.246 loading class jdk/internal/org/objectweb/asm/SymbolTable


Dynamic libraries:
0x00007ff66c410000 - 0x00007ff66c420000 	C:\Program Files\Java\jdk-16.0.1\bin\javaw.exe
0x00007ffc28cf0000 - 0x00007ffc28ee5000 	C:\WINDOWS\SYSTEM32\ntdll.dll
0x00007ffc26d50000 - 0x00007ffc26e0d000 	C:\WINDOWS\System32\KERNEL32.DLL
0x00007ffc26480000 - 0x00007ffc26749000 	C:\WINDOWS\System32\KERNELBASE.dll
0x00007ffc267a0000 - 0x00007ffc268a0000 	C:\WINDOWS\System32\ucrtbase.dll
0x00007ffc0a1f0000 - 0x00007ffc0a209000 	C:\Program Files\Java\jdk-16.0.1\bin\VCRUNTIME140.dll
0x00007ffc076e0000 - 0x00007ffc076f8000 	C:\Program Files\Java\jdk-16.0.1\bin\jli.dll
0x00007ffc28980000 - 0x00007ffc28a2c000 	C:\WINDOWS\System32\ADVAPI32.dll
0x00007ffc27050000 - 0x00007ffc270ee000 	C:\WINDOWS\System32\msvcrt.dll
0x00007ffc28b80000 - 0x00007ffc28c1b000 	C:\WINDOWS\System32\sechost.dll
0x00007ffc27450000 - 0x00007ffc2757a000 	C:\WINDOWS\System32\RPCRT4.dll
0x00007ffc28730000 - 0x00007ffc288d0000 	C:\WINDOWS\System32\USER32.dll
0x00007ffc26d20000 - 0x00007ffc26d42000 	C:\WINDOWS\System32\win32u.dll
0x00007ffc27ea0000 - 0x00007ffc27eca000 	C:\WINDOWS\System32\GDI32.dll
0x00007ffc0b790000 - 0x00007ffc0ba2a000 	C:\WINDOWS\WinSxS\amd64_microsoft.windows.common-controls_6595b64144ccf1df_6.0.19041.1110_none_60b5254171f9507e\COMCTL32.dll
0x00007ffc268a0000 - 0x00007ffc269ab000 	C:\WINDOWS\System32\gdi32full.dll
0x00007ffc269b0000 - 0x00007ffc26a4d000 	C:\WINDOWS\System32\msvcp_win.dll
0x00007ffc1c120000 - 0x00007ffc1c12a000 	C:\WINDOWS\SYSTEM32\VERSION.dll
0x00007ffc26e10000 - 0x00007ffc26e40000 	C:\WINDOWS\System32\IMM32.DLL
0x00007ffc096e0000 - 0x00007ffc096ec000 	C:\Program Files\Java\jdk-16.0.1\bin\vcruntime140_1.dll
0x00007ffbe97b0000 - 0x00007ffbe9841000 	C:\Program Files\Java\jdk-16.0.1\bin\msvcp140.dll
0x00007ffbddae0000 - 0x00007ffbde68b000 	C:\Program Files\Java\jdk-16.0.1\bin\server\jvm.dll
0x00007ffc28b70000 - 0x00007ffc28b78000 	C:\WINDOWS\System32\PSAPI.DLL
0x00007ffc17c30000 - 0x00007ffc17c39000 	C:\WINDOWS\SYSTEM32\WSOCK32.dll
0x00007ffc0c350000 - 0x00007ffc0c377000 	C:\WINDOWS\SYSTEM32\WINMM.dll
0x00007ffc286c0000 - 0x00007ffc2872b000 	C:\WINDOWS\System32\WS2_32.dll
0x00007ffc24c70000 - 0x00007ffc24c82000 	C:\WINDOWS\SYSTEM32\kernel.appcore.dll
0x00007ffc09d20000 - 0x00007ffc09d2a000 	C:\Program Files\Java\jdk-16.0.1\bin\jimage.dll
0x00007ffc24200000 - 0x00007ffc243e4000 	C:\WINDOWS\SYSTEM32\DBGHELP.DLL
0x00007ffc1baf0000 - 0x00007ffc1bb1c000 	C:\WINDOWS\SYSTEM32\dbgcore.DLL
0x00007ffc26c90000 - 0x00007ffc26d13000 	C:\WINDOWS\System32\bcryptPrimitives.dll
0x00007ffbec980000 - 0x00007ffbec9a5000 	C:\Program Files\Java\jdk-16.0.1\bin\java.dll
0x00007ffc27ed0000 - 0x00007ffc2860f000 	C:\WINDOWS\System32\SHELL32.dll
0x00007ffc243f0000 - 0x00007ffc24b80000 	C:\WINDOWS\SYSTEM32\windows.storage.dll
0x00007ffc270f0000 - 0x00007ffc27445000 	C:\WINDOWS\System32\combase.dll
0x00007ffc25cd0000 - 0x00007ffc25cfc000 	C:\WINDOWS\SYSTEM32\Wldp.dll
0x00007ffc288d0000 - 0x00007ffc2897e000 	C:\WINDOWS\System32\SHCORE.dll
0x00007ffc27e40000 - 0x00007ffc27e95000 	C:\WINDOWS\System32\shlwapi.dll
0x00007ffc26360000 - 0x00007ffc2637f000 	C:\WINDOWS\SYSTEM32\profapi.dll

dbghelp: loaded successfully - version: 4.0.5 - missing functions: none
symbol engine: initialized successfully - sym options: 0x614 - pdb path: .;C:\Program Files\Java\jdk-16.0.1\bin;C:\WINDOWS\SYSTEM32;C:\WINDOWS\WinSxS\amd64_microsoft.windows.common-controls_6595b64144ccf1df_6.0.19041.1110_none_60b5254171f9507e;C:\Program Files\Java\jdk-16.0.1\bin\server

VM Arguments:
jvm_args: -Dfile.encoding=Cp1252 -XX:+ShowCodeDetailsInExceptionMessages 
java_command: JogodaForcaConsole
java_class_path (initial): C:\Users\Vanessa\Desktop\Eclipse+Junit\Projeto_1_JogodaForca\bin
Launcher Type: SUN_STANDARD

[Global flags]
     intx CICompilerCount                          = 3                                         {product} {ergonomic}
     uint ConcGCThreads                            = 1                                         {product} {ergonomic}
     uint G1ConcRefinementThreads                  = 4                                         {product} {ergonomic}
   size_t G1HeapRegionSize                         = 1048576                                   {product} {ergonomic}
    uintx GCDrainStackTargetSize                   = 64                                        {product} {ergonomic}
   size_t InitialHeapSize                          = 67108864                                  {product} {ergonomic}
   size_t MarkStackSize                            = 4194304                                   {product} {ergonomic}
   size_t MaxHeapSize                              = 1048576000                                {product} {ergonomic}
   size_t MaxNewSize                               = 629145600                                 {product} {ergonomic}
   size_t MinHeapDeltaBytes                        = 1048576                                   {product} {ergonomic}
   size_t MinHeapSize                              = 8388608                                   {product} {ergonomic}
    uintx NonNMethodCodeHeapSize                   = 5832780                                {pd product} {ergonomic}
    uintx NonProfiledCodeHeapSize                  = 122912730                              {pd product} {ergonomic}
    uintx ProfiledCodeHeapSize                     = 122912730                              {pd product} {ergonomic}
    uintx ReservedCodeCacheSize                    = 251658240                              {pd product} {ergonomic}
     bool SegmentedCodeCache                       = true                                      {product} {ergonomic}
     bool ShowCodeDetailsInExceptionMessages       = true                                   {manageable} {command line}
   size_t SoftMaxHeapSize                          = 1048576000                             {manageable} {ergonomic}
     bool UseCompressedClassPointers               = true                           {product lp64_product} {ergonomic}
     bool UseCompressedOops                        = true                           {product lp64_product} {ergonomic}
     bool UseG1GC                                  = true                                      {product} {ergonomic}
     bool UseLargePagesIndividualAllocation        = false                                  {pd product} {ergonomic}

Logging:
Log output configuration:
 #0: stdout all=warning uptime,level,tags
 #1: stderr all=off uptime,level,tags

Environment Variables:
PATH=C:/Program Files/Java/jdk-16.0.1/bin/server;C:/Program Files/Java/jdk-16.0.1/bin;C:\Program Files\Common Files\Oracle\Java\javapath;C:\Program Files (x86)\Common Files\Oracle\Java\javapath;C:\WINDOWS\system32;C:\WINDOWS;C:\WINDOWS\System32\Wbem;C:\WINDOWS\System32\WindowsPowerShell\v1.0\;C:\WINDOWS\System32\OpenSSH\;C:\Program Files (x86)\Intel\Intel(R) Management Engine Components\DAL;C:\Program Files\Intel\Intel(R) Management Engine Components\DAL;C:\Program Files\dotnet\;C:\Program Files\Microsoft SQL Server\130\Tools\Binn\;C:\Program Files\Microsoft SQL Server\Client SDK\ODBC\170\Tools\Binn\;C:\Program Files (x86)\Microsoft SQL Server\150\Tools\Binn\;C:\Program Files\Microsoft SQL Server\150\Tools\Binn\;C:\Program Files\Microsoft SQL Server\150\DTS\Binn\;C:\Program Files (x86)\Microsoft SQL Server\150\DTS\Binn\;C:\Program Files\Azure Data Studio\bin;C:\Program Files\nodejs\;C:\Program Files\PuTTY\;C:\Users\Vanessa\AppData\Local\Programs\Python\Python39\Scripts\;C:\Users\Vanessa\AppData\Local\Programs\Python\Python39\;C:\Users\Vanessa\AppData\Local\Microsoft\WindowsApps;C:\Users\Vanessa\.dotnet\tools;C:\Program Files\Azure Data Studio\bin;C:\Users\Vanessa\AppData\Roaming\npm;C:\Users\Vanessa\AppData\Local\Programs\Microsoft VS Code\bin;C:\Users\Vanessa\Desktop;
USERNAME=Vanessa
OS=Windows_NT
PROCESSOR_IDENTIFIER=Intel64 Family 6 Model 142 Stepping 9, GenuineIntel



---------------  S Y S T E M  ---------------

OS:
 Windows 10 , 64 bit Build 19041 (10.0.19041.1151)
OS uptime: 6 days 21:00 hours
Hyper-V role detected

CPU: total 4 (initial active 4) (2 cores per cpu, 2 threads per core) family 6 model 142 stepping 9 microcode 0xde, cx8, cmov, fxsr, ht, mmx, 3dnowpref, sse, sse2, sse3, ssse3, sse4.1, sse4.2, popcnt, lzcnt, tsc, tscinvbit, avx, avx2, aes, erms, clmul, bmi1, bmi2, adx, fma, vzeroupper, clflush, clflushopt, hv

Memory: 4k page, system-wide physical 3993M (361M free)
TotalPageFile size 16281M (AvailPageFile size 2M)
current process WorkingSet (physical memory assigned to process): 26M, peak: 26M
current process commit charge ("private bytes"): 127M, peak: 129M

vm_info: Java HotSpot(TM) 64-Bit Server VM (16.0.1+9-24) for windows-amd64 JRE (16.0.1+9-24), built on Mar 26 2021 19:31:42 by "mach5one" with MS VC++ 16.7 (VS2019)

END.
