#
# There is insufficient memory for the Java Runtime Environment to continue.
# Native memory allocation (mmap) failed to map 1048576 bytes for G1 virtual space
# Possible reasons:
#   The system is out of physical RAM or swap space
#   The process is running with CompressedOops enabled, and the Java Heap may be blocking the growth of the native heap
# Possible solutions:
#   Reduce memory load on the system
#   Increase physical memory or swap space
#   Check if swap backing store is full
#   Decrease Java heap size (-Xmx/-Xms)
#   Decrease number of Java threads
#   Decrease Java thread stack sizes (-Xss)
#   Set larger code cache with -XX:ReservedCodeCacheSize=
#   JVM is running with Unscaled Compressed Oops mode in which the Java heap is
#     placed in the first 4GB address space. The Java Heap base address is the
#     maximum limit for the native heap growth. Please use -XX:HeapBaseMinAddress
#     to set the Java Heap base and to place the Java Heap above 4GB virtual address.
# This output file may be truncated or incomplete.
#
#  Out of Memory Error (os_windows.cpp:3466), pid=1492, tid=12712
#
# JRE version:  (16.0.1+9) (build )
# Java VM: Java HotSpot(TM) 64-Bit Server VM (16.0.1+9-24, mixed mode, sharing, tiered, compressed oops, compressed class ptrs, g1 gc, windows-amd64)
# No core dump will be written. Minidumps are not enabled by default on client versions of Windows
#

---------------  S U M M A R Y ------------

Command Line: -Dfile.encoding=Cp1252 -XX:+ShowCodeDetailsInExceptionMessages JogodaForcaConsole

Host: Intel(R) Core(TM) i3-7020U CPU @ 2.30GHz, 4 cores, 3G,  Windows 10 , 64 bit Build 19041 (10.0.19041.1151)
Time: Thu Aug 19 21:44:08 2021 Hora oficial do Brasil elapsed time: 0.026822 seconds (0d 0h 0m 0s)

---------------  T H R E A D  ---------------

Current thread (0x0000015f8a2d8b10):  JavaThread "Unknown thread" [_thread_in_vm, id=12712, stack(0x000000120d000000,0x000000120d100000)]

Stack: [0x000000120d000000,0x000000120d100000]
Native frames: (J=compiled Java code, j=interpreted, Vv=VM code, C=native code)
V  [jvm.dll+0x6687ca]
V  [jvm.dll+0x7ca3c9]
V  [jvm.dll+0x7cbb53]
V  [jvm.dll+0x7cc1b3]
V  [jvm.dll+0x242ea5]
V  [jvm.dll+0x665589]
V  [jvm.dll+0x65a175]
V  [jvm.dll+0x2fc5ab]
V  [jvm.dll+0x3037a6]
V  [jvm.dll+0x353003]
V  [jvm.dll+0x35321f]
V  [jvm.dll+0x2d3618]
V  [jvm.dll+0x2d4854]
V  [jvm.dll+0x79ccb1]
V  [jvm.dll+0x360de1]
V  [jvm.dll+0x77a990]
V  [jvm.dll+0x3e55af]
V  [jvm.dll+0x3e7081]
C  [jli.dll+0x52fb]
C  [ucrtbase.dll+0x21bb2]
C  [KERNEL32.DLL+0x17034]
C  [ntdll.dll+0x52651]


---------------  P R O C E S S  ---------------

Threads class SMR info:
_java_thread_list=0x00007ffbde5ecbb8, length=0, elements={
}

Java Threads: ( => current thread )

Other Threads:
  0x0000015f8a307960 GCTaskThread "GC Thread#0" [stack: 0x000000120d100000,0x000000120d200000] [id=10732]
  0x0000015f8a3106b0 ConcurrentGCThread "G1 Main Marker" [stack: 0x000000120d200000,0x000000120d300000] [id=2568]
  0x0000015f8a312860 ConcurrentGCThread "G1 Conc#0" [stack: 0x000000120d300000,0x000000120d400000] [id=18772]

[error occurred during error reporting (printing all threads), id 0xc0000005, EXCEPTION_ACCESS_VIOLATION (0xc0000005) at pc=0x00007ffbdddc44d7]

VM state: not at safepoint (not fully initialized)

VM Mutex/Monitor currently owned by a thread:  ([mutex/lock_event])
[0x0000015f8a2d5700] Heap_lock - owner thread: 0x0000015f8a2d8b10

Heap address: 0x00000000c1800000, size: 1000 MB, Compressed Oops mode: 32-bit

CDS archive(s) mapped at: [0x0000000000000000-0x0000000000000000-0x0000000000000000), size 0, SharedBaseAddress: 0x0000000800000000, ArchiveRelocationMode: 0.
Narrow klass base: 0x0000000000000000, Narrow klass shift: 0, Narrow klass range: 0x0

GC Precious Log:
<Empty>

Heap:
 garbage-first heap   total 0K, used 0K [0x00000000c1800000, 0x0000000100000000)
  region size 1024K, 0 young (0K), 0 survivors (0K)

[error occurred during error reporting (printing heap information), id 0xc0000005, EXCEPTION_ACCESS_VIOLATION (0xc0000005) at pc=0x00007ffbde1a24ed]

GC Heap History (0 events):
No events

Deoptimization events (0 events):
No events

Classes unloaded (0 events):
No events

Classes redefined (0 events):
No events

Internal exceptions (0 events):
No events

Events (1 events):
Event: 0.015 Loaded shared library C:\Program Files\Java\jdk-16.0.1\bin\java.dll


Dynamic libraries:
0x00007ff66c410000 - 0x00007ff66c420000 	C:\Program Files\Java\jdk-16.0.1\bin\javaw.exe
0x00007ffc28cf0000 - 0x00007ffc28ee5000 	C:\WINDOWS\SYSTEM32\ntdll.dll
0x00007ffc26d50000 - 0x00007ffc26e0d000 	C:\WINDOWS\System32\KERNEL32.DLL
0x00007ffc26480000 - 0x00007ffc26749000 	C:\WINDOWS\System32\KERNELBASE.dll
0x00007ffc267a0000 - 0x00007ffc268a0000 	C:\WINDOWS\System32\ucrtbase.dll
0x00007ffc0a1f0000 - 0x00007ffc0a209000 	C:\Program Files\Java\jdk-16.0.1\bin\VCRUNTIME140.dll
0x00007ffc076e0000 - 0x00007ffc076f8000 	C:\Program Files\Java\jdk-16.0.1\bin\jli.dll
0x00007ffc28980000 - 0x00007ffc28a2c000 	C:\WINDOWS\System32\ADVAPI32.dll
0x00007ffc27050000 - 0x00007ffc270ee000 	C:\WINDOWS\System32\msvcrt.dll
0x00007ffc28b80000 - 0x00007ffc28c1b000 	C:\WINDOWS\System32\sechost.dll
0x00007ffc27450000 - 0x00007ffc2757a000 	C:\WINDOWS\System32\RPCRT4.dll
0x00007ffc28730000 - 0x00007ffc288d0000 	C:\WINDOWS\System32\USER32.dll
0x00007ffc26d20000 - 0x00007ffc26d42000 	C:\WINDOWS\System32\win32u.dll
0x00007ffc27ea0000 - 0x00007ffc27eca000 	C:\WINDOWS\System32\GDI32.dll
0x00007ffc268a0000 - 0x00007ffc269ab000 	C:\WINDOWS\System32\gdi32full.dll
0x00007ffc0b790000 - 0x00007ffc0ba2a000 	C:\WINDOWS\WinSxS\amd64_microsoft.windows.common-controls_6595b64144ccf1df_6.0.19041.1110_none_60b5254171f9507e\COMCTL32.dll
0x00007ffc269b0000 - 0x00007ffc26a4d000 	C:\WINDOWS\System32\msvcp_win.dll
0x00007ffc1c120000 - 0x00007ffc1c12a000 	C:\WINDOWS\SYSTEM32\VERSION.dll
0x00007ffc26e10000 - 0x00007ffc26e40000 	C:\WINDOWS\System32\IMM32.DLL
0x00007ffc096e0000 - 0x00007ffc096ec000 	C:\Program Files\Java\jdk-16.0.1\bin\vcruntime140_1.dll
0x00007ffbe97b0000 - 0x00007ffbe9841000 	C:\Program Files\Java\jdk-16.0.1\bin\msvcp140.dll
0x00007ffbddae0000 - 0x00007ffbde68b000 	C:\Program Files\Java\jdk-16.0.1\bin\server\jvm.dll
0x00007ffc28b70000 - 0x00007ffc28b78000 	C:\WINDOWS\System32\PSAPI.DLL
0x00007ffc17c30000 - 0x00007ffc17c39000 	C:\WINDOWS\SYSTEM32\WSOCK32.dll
0x00007ffc286c0000 - 0x00007ffc2872b000 	C:\WINDOWS\System32\WS2_32.dll
0x00007ffc0c350000 - 0x00007ffc0c377000 	C:\WINDOWS\SYSTEM32\WINMM.dll
0x00007ffc24c70000 - 0x00007ffc24c82000 	C:\WINDOWS\SYSTEM32\kernel.appcore.dll
0x00007ffc09d20000 - 0x00007ffc09d2a000 	C:\Program Files\Java\jdk-16.0.1\bin\jimage.dll
0x00007ffc24200000 - 0x00007ffc243e4000 	C:\WINDOWS\SYSTEM32\DBGHELP.DLL
0x00007ffc1baf0000 - 0x00007ffc1bb1c000 	C:\WINDOWS\SYSTEM32\dbgcore.DLL
0x00007ffc26c90000 - 0x00007ffc26d13000 	C:\WINDOWS\System32\bcryptPrimitives.dll
0x00007ffbec980000 - 0x00007ffbec9a5000 	C:\Program Files\Java\jdk-16.0.1\bin\java.dll

dbghelp: loaded successfully - version: 4.0.5 - missing functions: none
symbol engine: initialized successfully - sym options: 0x614 - pdb path: .;C:\Program Files\Java\jdk-16.0.1\bin;C:\WINDOWS\SYSTEM32;C:\WINDOWS\WinSxS\amd64_microsoft.windows.common-controls_6595b64144ccf1df_6.0.19041.1110_none_60b5254171f9507e;C:\Program Files\Java\jdk-16.0.1\bin\server

VM Arguments:
jvm_args: -Dfile.encoding=Cp1252 -XX:+ShowCodeDetailsInExceptionMessages 
java_command: JogodaForcaConsole
java_class_path (initial): C:\Users\Vanessa\Desktop\Eclipse+Junit\Projeto_1_JogodaForca\bin
Launcher Type: SUN_STANDARD

[Global flags]
     intx CICompilerCount                          = 3                                         {product} {ergonomic}
     uint ConcGCThreads                            = 1                                         {product} {ergonomic}
     uint G1ConcRefinementThreads                  = 4                                         {product} {ergonomic}
   size_t G1HeapRegionSize                         = 1048576                                   {product} {ergonomic}
    uintx GCDrainStackTargetSize                   = 64                                        {product} {ergonomic}
   size_t InitialHeapSize                          = 67108864                                  {product} {ergonomic}
   size_t MarkStackSize                            = 4194304                                   {product} {ergonomic}
   size_t MaxHeapSize                              = 1048576000                                {product} {ergonomic}
   size_t MinHeapDeltaBytes                        = 1048576                                   {product} {ergonomic}
   size_t MinHeapSize                              = 8388608                                   {product} {ergonomic}
    uintx NonNMethodCodeHeapSize                   = 5832780                                {pd product} {ergonomic}
    uintx NonProfiledCodeHeapSize                  = 122912730                              {pd product} {ergonomic}
    uintx ProfiledCodeHeapSize                     = 122912730                              {pd product} {ergonomic}
    uintx ReservedCodeCacheSize                    = 251658240                              {pd product} {ergonomic}
     bool SegmentedCodeCache                       = true                                      {product} {ergonomic}
     bool ShowCodeDetailsInExceptionMessages       = true                                   {manageable} {command line}
   size_t SoftMaxHeapSize                          = 1048576000                             {manageable} {ergonomic}
     bool UseCompressedClassPointers               = true                           {product lp64_product} {ergonomic}
     bool UseCompressedOops                        = true                           {product lp64_product} {ergonomic}
     bool UseG1GC                                  = true                                      {product} {ergonomic}
     bool UseLargePagesIndividualAllocation        = false                                  {pd product} {ergonomic}

Logging:
Log output configuration:
 #0: stdout all=warning uptime,level,tags
 #1: stderr all=off uptime,level,tags

Environment Variables:
PATH=C:/Program Files/Java/jdk-16.0.1/bin/server;C:/Program Files/Java/jdk-16.0.1/bin;C:\Program Files\Common Files\Oracle\Java\javapath;C:\Program Files (x86)\Common Files\Oracle\Java\javapath;C:\WINDOWS\system32;C:\WINDOWS;C:\WINDOWS\System32\Wbem;C:\WINDOWS\System32\WindowsPowerShell\v1.0\;C:\WINDOWS\System32\OpenSSH\;C:\Program Files (x86)\Intel\Intel(R) Management Engine Components\DAL;C:\Program Files\Intel\Intel(R) Management Engine Components\DAL;C:\Program Files\dotnet\;C:\Program Files\Microsoft SQL Server\130\Tools\Binn\;C:\Program Files\Microsoft SQL Server\Client SDK\ODBC\170\Tools\Binn\;C:\Program Files (x86)\Microsoft SQL Server\150\Tools\Binn\;C:\Program Files\Microsoft SQL Server\150\Tools\Binn\;C:\Program Files\Microsoft SQL Server\150\DTS\Binn\;C:\Program Files (x86)\Microsoft SQL Server\150\DTS\Binn\;C:\Program Files\Azure Data Studio\bin;C:\Program Files\nodejs\;C:\Program Files\PuTTY\;C:\Users\Vanessa\AppData\Local\Programs\Python\Python39\Scripts\;C:\Users\Vanessa\AppData\Local\Programs\Python\Python39\;C:\Users\Vanessa\AppData\Local\Microsoft\WindowsApps;C:\Users\Vanessa\.dotnet\tools;C:\Program Files\Azure Data Studio\bin;C:\Users\Vanessa\AppData\Roaming\npm;C:\Users\Vanessa\AppData\Local\Programs\Microsoft VS Code\bin;C:\Users\Vanessa\Desktop;
USERNAME=Vanessa
OS=Windows_NT
PROCESSOR_IDENTIFIER=Intel64 Family 6 Model 142 Stepping 9, GenuineIntel



---------------  S Y S T E M  ---------------

OS:
 Windows 10 , 64 bit Build 19041 (10.0.19041.1151)
OS uptime: 6 days 20:59 hours
Hyper-V role detected

CPU: total 4 (initial active 4) (2 cores per cpu, 2 threads per core) family 6 model 142 stepping 9 microcode 0xde, cx8, cmov, fxsr, ht, mmx, 3dnowpref, sse, sse2, sse3, ssse3, sse4.1, sse4.2, popcnt, lzcnt, tsc, tscinvbit, avx, avx2, aes, erms, clmul, bmi1, bmi2, adx, fma, vzeroupper, clflush, clflushopt, hv

Memory: 4k page, system-wide physical 3993M (352M free)
TotalPageFile size 16281M (AvailPageFile size 9M)
current process WorkingSet (physical memory assigned to process): 10M, peak: 10M
current process commit charge ("private bytes"): 115M, peak: 116M

vm_info: Java HotSpot(TM) 64-Bit Server VM (16.0.1+9-24) for windows-amd64 JRE (16.0.1+9-24), built on Mar 26 2021 19:31:42 by "mach5one" with MS VC++ 16.7 (VS2019)

END.
